2026-05-26 15:20:53  INFO      __main__  SQLite-кэш инициализирован
2026-05-26 15:21:20  INFO      __main__  Создана задача ff6661a6-e524-4dcf-930e-815c378f452a для запроса 'костюм nike' (count=10)
2026-05-26 15:21:20  INFO      __main__  Прогресс: 0/10 — Москва
2026-05-26 15:21:20  INFO      parser  === Начинаем парсинг: Москва (1/10) ===
2026-05-26 15:21:26  INFO      parser  CDP: подключаемся к браузеру по адресу http://localhost:9222
2026-05-26 15:21:27  INFO      parser  CDP: используем существующий контекст (contexts[0])
2026-05-26 15:21:27  INFO      parser  Страница поиска Москва, стр. 1: https://www.avito.ru/moskva?q=%D0%BA%D0%BE%D1%81%D1%82%D1%8E%D0%BC%20nike
2026-05-26 15:21:32  INFO      parser  item-location сырой текст (карточка 1): ''
2026-05-26 15:21:32  INFO      parser  item-location сырой текст (карточка 2): ''
2026-05-26 15:21:32  INFO      parser  item-location сырой текст (карточка 3): ''
2026-05-26 15:21:32  INFO      parser  Москва: собрано 10/10 объявлений со стр. 1
2026-05-26 15:21:34  INFO      parser  Москва: собрано 10 объявлений со страниц поиска
2026-05-26 15:21:54  INFO      parser  Москва: парсинг завершён, итого объявлений: 10
2026-05-26 15:21:54  INFO      __main__  Прогресс: 1/10 — Москва
2026-05-26 15:21:54  INFO      __main__  Прогресс: 1/10 — Санкт-Петербург
2026-05-26 15:21:54  INFO      parser  === Начинаем парсинг: Санкт-Петербург (2/10) ===
2026-05-26 15:21:54  INFO      parser  CDP: подключаемся к браузеру по адресу http://localhost:9222
2026-05-26 15:21:54  INFO      parser  CDP: используем существующий контекст (contexts[0])
2026-05-26 15:21:55  INFO      parser  Страница поиска Санкт-Петербург, стр. 1: https://www.avito.ru/sankt-peterburg?q=%D0%BA%D0%BE%D1%81%D1%82%D1%8E%D0%BC%20nike
2026-05-26 15:22:00  INFO      parser  item-location сырой текст (карточка 1): ''
2026-05-26 15:22:00  INFO      parser  item-location сырой текст (карточка 2): ''
2026-05-26 15:22:00  INFO      parser  item-location сырой текст (карточка 3): ''
2026-05-26 15:22:00  INFO      parser  Санкт-Петербург: собрано 10/10 объявлений со стр. 1
2026-05-26 15:22:03  INFO      parser  Санкт-Петербург: собрано 10 объявлений со страниц поиска
2026-05-26 15:22:22  INFO      parser  Санкт-Петербург: парсинг завершён, итого объявлений: 10
2026-05-26 15:22:22  INFO      __main__  Прогресс: 2/10 — Санкт-Петербург
2026-05-26 15:22:22  INFO      __main__  Прогресс: 2/10 — Новосибирск
2026-05-26 15:22:22  INFO      parser  === Начинаем парсинг: Новосибирск (3/10) ===
2026-05-26 15:22:23  INFO      parser  CDP: подключаемся к браузеру по адресу http://localhost:9222
2026-05-26 15:22:23  INFO      parser  CDP: используем существующий контекст (contexts[0])
2026-05-26 15:22:23  INFO      parser  Страница поиска Новосибирск, стр. 1: https://www.avito.ru/novosibirsk?q=%D0%BA%D0%BE%D1%81%D1%82%D1%8E%D0%BC%20nike
2026-05-26 15:22:29  INFO      parser  item-location сырой текст (карточка 1): ''
2026-05-26 15:22:29  INFO      parser  item-location сырой текст (карточка 2): ''
2026-05-26 15:22:29  INFO      parser  item-location сырой текст (карточка 3): ''
2026-05-26 15:22:30  INFO      parser  Новосибирск: собрано 10/10 объявлений со стр. 1
2026-05-26 15:22:33  INFO      parser  Новосибирск: собрано 10 объявлений со страниц поиска
2026-05-26 15:22:53  INFO      parser  Новосибирск: парсинг завершён, итого объявлений: 10
2026-05-26 15:22:53  INFO      __main__  Прогресс: 3/10 — Новосибирск
2026-05-26 15:22:53  INFO      __main__  Прогресс: 3/10 — Екатеринбург
2026-05-26 15:22:53  INFO      parser  === Начинаем парсинг: Екатеринбург (4/10) ===
2026-05-26 15:22:53  INFO      parser  CDP: подключаемся к браузеру по адресу http://localhost:9222
2026-05-26 15:22:54  INFO      parser  CDP: используем существующий контекст (contexts[0])
2026-05-26 15:22:54  INFO      parser  Страница поиска Екатеринбург, стр. 1: https://www.avito.ru/ekaterinburg?q=%D0%BA%D0%BE%D1%81%D1%82%D1%8E%D0%BC%20nike
2026-05-26 15:23:00  INFO      parser  item-location сырой текст (карточка 1): ''
2026-05-26 15:23:00  INFO      parser  item-location сырой текст (карточка 2): ''
2026-05-26 15:23:00  INFO      parser  item-location сырой текст (карточка 3): ''
2026-05-26 15:23:00  INFO      parser  Екатеринбург: собрано 10/10 объявлений со стр. 1
2026-05-26 15:23:02  INFO      parser  Екатеринбург: собрано 10 объявлений со страниц поиска
2026-05-26 15:23:22  INFO      parser  Екатеринбург: парсинг завершён, итого объявлений: 10
2026-05-26 15:23:22  INFO      __main__  Прогресс: 4/10 — Екатеринбург
2026-05-26 15:23:22  INFO      __main__  Прогресс: 4/10 — Казань
2026-05-26 15:23:22  INFO      parser  === Начинаем парсинг: Казань (5/10) ===
2026-05-26 15:23:23  INFO      parser  CDP: подключаемся к браузеру по адресу http://localhost:9222
2026-05-26 15:23:23  INFO      parser  CDP: используем существующий контекст (contexts[0])
2026-05-26 15:23:23  INFO      parser  Страница поиска Казань, стр. 1: https://www.avito.ru/kazan?q=%D0%BA%D0%BE%D1%81%D1%82%D1%8E%D0%BC%20nike
2026-05-26 15:23:29  INFO      parser  item-location сырой текст (карточка 1): ''
2026-05-26 15:23:29  INFO      parser  item-location сырой текст (карточка 2): ''
2026-05-26 15:23:29  INFO      parser  item-location сырой текст (карточка 3): ''
2026-05-26 15:23:29  INFO      parser  Казань: собрано 10/10 объявлений со стр. 1
2026-05-26 15:23:32  INFO      parser  Казань: собрано 10 объявлений со страниц поиска
2026-05-26 15:23:52  INFO      parser  Казань: парсинг завершён, итого объявлений: 10
2026-05-26 15:23:52  INFO      __main__  Прогресс: 5/10 — Казань
2026-05-26 15:23:52  INFO      __main__  Прогресс: 5/10 — Нижний Новгород
2026-05-26 15:23:52  INFO      parser  === Начинаем парсинг: Нижний Новгород (6/10) ===
2026-05-26 15:23:53  INFO      parser  CDP: подключаемся к браузеру по адресу http://localhost:9222
2026-05-26 15:23:53  INFO      parser  CDP: используем существующий контекст (contexts[0])
2026-05-26 15:23:53  INFO      parser  Страница поиска Нижний Новгород, стр. 1: https://www.avito.ru/nizhniy_novgorod?q=%D0%BA%D0%BE%D1%81%D1%82%D1%8E%D0%BC%20nike
2026-05-26 15:23:59  INFO      parser  item-location сырой текст (карточка 1): ''
2026-05-26 15:23:59  INFO      parser  item-location сырой текст (карточка 2): ''
2026-05-26 15:23:59  INFO      parser  item-location сырой текст (карточка 3): ''
2026-05-26 15:23:59  INFO      parser  Нижний Новгород: собрано 10/10 объявлений со стр. 1
2026-05-26 15:24:02  INFO      parser  Нижний Новгород: собрано 10 объявлений со страниц поиска
2026-05-26 15:24:22  INFO      parser  Нижний Новгород: парсинг завершён, итого объявлений: 10
2026-05-26 15:24:22  INFO      __main__  Прогресс: 6/10 — Нижний Новгород
2026-05-26 15:24:22  INFO      __main__  Прогресс: 6/10 — Челябинск
2026-05-26 15:24:22  INFO      parser  === Начинаем парсинг: Челябинск (7/10) ===
2026-05-26 15:24:23  INFO      parser  CDP: подключаемся к браузеру по адресу http://localhost:9222
2026-05-26 15:24:23  INFO      parser  CDP: используем существующий контекст (contexts[0])
2026-05-26 15:24:23  INFO      parser  Страница поиска Челябинск, стр. 1: https://www.avito.ru/chelyabinsk?q=%D0%BA%D0%BE%D1%81%D1%82%D1%8E%D0%BC%20nike
2026-05-26 15:24:29  INFO      parser  item-location сырой текст (карточка 1): ''
2026-05-26 15:24:29  INFO      parser  item-location сырой текст (карточка 2): ''
2026-05-26 15:24:29  INFO      parser  item-location сырой текст (карточка 3): ''
2026-05-26 15:24:29  INFO      parser  Челябинск: собрано 10/10 объявлений со стр. 1
2026-05-26 15:24:30  INFO      parser  Челябинск: собрано 10 объявлений со страниц поиска
2026-05-26 15:24:52  INFO      parser  Челябинск: парсинг завершён, итого объявлений: 10
2026-05-26 15:24:52  INFO      __main__  Прогресс: 7/10 — Челябинск
2026-05-26 15:24:52  INFO      __main__  Прогресс: 7/10 — Самара
2026-05-26 15:24:52  INFO      parser  === Начинаем парсинг: Самара (8/10) ===
2026-05-26 15:24:52  INFO      parser  CDP: подключаемся к браузеру по адресу http://localhost:9222
2026-05-26 15:24:52  INFO      parser  CDP: используем существующий контекст (contexts[0])
2026-05-26 15:24:53  INFO      parser  Страница поиска Самара, стр. 1: https://www.avito.ru/samara?q=%D0%BA%D0%BE%D1%81%D1%82%D1%8E%D0%BC%20nike
2026-05-26 15:24:58  INFO      parser  item-location сырой текст (карточка 1): ''
2026-05-26 15:24:58  INFO      parser  item-location сырой текст (карточка 2): ''
2026-05-26 15:24:58  INFO      parser  item-location сырой текст (карточка 3): ''
2026-05-26 15:24:58  INFO      parser  Самара: собрано 10/10 объявлений со стр. 1
2026-05-26 15:25:01  INFO      parser  Самара: собрано 10 объявлений со страниц поиска
2026-05-26 15:25:22  INFO      parser  Самара: парсинг завершён, итого объявлений: 10
2026-05-26 15:25:22  INFO      __main__  Прогресс: 8/10 — Самара
2026-05-26 15:25:22  INFO      __main__  Прогресс: 8/10 — Уфа
2026-05-26 15:25:22  INFO      parser  === Начинаем парсинг: Уфа (9/10) ===
2026-05-26 15:25:22  INFO      parser  CDP: подключаемся к браузеру по адресу http://localhost:9222
2026-05-26 15:25:22  INFO      parser  CDP: используем существующий контекст (contexts[0])
2026-05-26 15:25:23  INFO      parser  Страница поиска Уфа, стр. 1: https://www.avito.ru/ufa?q=%D0%BA%D0%BE%D1%81%D1%82%D1%8E%D0%BC%20nike
2026-05-26 15:25:29  INFO      parser  item-location сырой текст (карточка 1): ''
2026-05-26 15:25:29  INFO      parser  item-location сырой текст (карточка 2): ''
2026-05-26 15:25:29  INFO      parser  item-location сырой текст (карточка 3): ''
2026-05-26 15:25:30  INFO      parser  Уфа: собрано 10/10 объявлений со стр. 1
2026-05-26 15:25:32  INFO      parser  Уфа: собрано 10 объявлений со страниц поиска
2026-05-26 15:25:52  INFO      parser  Уфа: парсинг завершён, итого объявлений: 10
2026-05-26 15:25:52  INFO      __main__  Прогресс: 9/10 — Уфа
2026-05-26 15:25:52  INFO      __main__  Прогресс: 9/10 — Ростов-на-Дону
2026-05-26 15:25:52  INFO      parser  === Начинаем парсинг: Ростов-на-Дону (10/10) ===
2026-05-26 15:25:52  INFO      parser  CDP: подключаемся к браузеру по адресу http://localhost:9222
2026-05-26 15:25:53  INFO      parser  CDP: используем существующий контекст (contexts[0])
2026-05-26 15:25:53  INFO      parser  Страница поиска Ростов-на-Дону, стр. 1: https://www.avito.ru/rostov-na-donu?q=%D0%BA%D0%BE%D1%81%D1%82%D1%8E%D0%BC%20nike
2026-05-26 15:26:00  INFO      parser  item-location сырой текст (карточка 1): ''
2026-05-26 15:26:00  INFO      parser  item-location сырой текст (карточка 2): ''
2026-05-26 15:26:00  INFO      parser  item-location сырой текст (карточка 3): ''
2026-05-26 15:26:00  INFO      parser  Ростов-на-Дону: собрано 10/10 объявлений со стр. 1
2026-05-26 15:26:02  INFO      parser  Ростов-на-Дону: собрано 10 объявлений со страниц поиска
2026-05-26 15:26:22  INFO      parser  Ростов-на-Дону: парсинг завершён, итого объявлений: 10
2026-05-26 15:26:22  INFO      __main__  Прогресс: 10/10 — Ростов-на-Дону
2026-05-26 15:26:22  INFO      parser  parse_all завершён. Городов обработано: 10/10
2026-05-26 15:26:22  INFO      analytics  Город Москва: 10 объявлений до фильтра, 10 после
2026-05-26 15:26:22  INFO      analytics  Город Санкт-Петербург: 10 объявлений до фильтра, 8 после
2026-05-26 15:26:22  INFO      analytics  Город Новосибирск: 10 объявлений до фильтра, 10 после
2026-05-26 15:26:22  INFO      analytics  Город Екатеринбург: 10 объявлений до фильтра, 8 после
2026-05-26 15:26:22  INFO      analytics  Город Казань: 10 объявлений до фильтра, 9 после
2026-05-26 15:26:22  INFO      analytics  Город Нижний Новгород: 10 объявлений до фильтра, 9 после
2026-05-26 15:26:22  INFO      analytics  Город Челябинск: 10 объявлений до фильтра, 8 после
2026-05-26 15:26:22  INFO      analytics  Город Самара: 10 объявлений до фильтра, 9 после
2026-05-26 15:26:22  INFO      analytics  Город Уфа: 10 объявлений до фильтра, 8 после
2026-05-26 15:26:22  INFO      analytics  Город Ростов-на-Дону: 10 объявлений до фильтра, 9 после
2026-05-26 15:26:22  INFO      cache  Кэш сохранён для ключа 'костюм nike|10'
2026-05-26 15:26:22  INFO      __main__  Задача ff6661a6-e524-4dcf-930e-815c378f452a завершена. Городов: 10
2026-05-26 15:26:45  INFO      cache  Кэш актуален для 'костюм nike|10' (возраст 0.0 ч)
2026-05-26 17:06:23  INFO      __main__  Создана задача b1802abd-86ab-416c-b079-a61af6f9d5fd для запроса 'мужской костюм nike' (count=10)
2026-05-26 17:06:23  INFO      __main__  Прогресс: 0/10 — Москва
2026-05-26 17:06:23  INFO      parser  === Начинаем парсинг: Москва (1/10) ===
2026-05-26 17:06:24  INFO      parser  CDP: подключаемся к браузеру по адресу http://localhost:9222
2026-05-26 17:06:25  INFO      parser  CDP: используем существующий контекст (contexts[0])
2026-05-26 17:06:26  INFO      parser  Страница поиска Москва, стр. 1: https://www.avito.ru/moskva?q=%D0%BC%D1%83%D0%B6%D1%81%D0%BA%D0%BE%D0%B9%20%D0%BA%D0%BE%D1%81%D1%82%D1%8E%D0%BC%20nike
2026-05-26 17:06:50  WARNING   parser  Карточки [data-marker='item'] не появились за 20 сек на https://www.avito.ru/moskva?q=%D0%BC%D1%83%D0%B6%D1%81%D0%BA%D0%BE%D0%B9%20%D0%BA%D0%BE%D1%81%D1%82%D1%8E%D0%BC%20nike: Page.wait_for_selector: Timeout 20000ms exceeded.
Call log:
  - waiting for locator("[data-marker='item']")

2026-05-26 17:06:50  INFO      parser  Объявления не найдены на стр. 1 для Москва, пагинация остановлена
2026-05-26 17:06:50  INFO      parser  Москва: собрано 0 объявлений со страниц поиска
2026-05-26 17:06:50  INFO      parser  Москва: парсинг завершён, итого объявлений: 0
2026-05-26 17:06:50  INFO      __main__  Прогресс: 1/10 — Москва
2026-05-26 17:06:50  INFO      __main__  Прогресс: 1/10 — Санкт-Петербург
2026-05-26 17:06:50  INFO      parser  === Начинаем парсинг: Санкт-Петербург (2/10) ===
2026-05-26 17:06:51  INFO      parser  CDP: подключаемся к браузеру по адресу http://localhost:9222
2026-05-26 17:06:51  INFO      parser  CDP: используем существующий контекст (contexts[0])
2026-05-26 17:06:51  INFO      parser  Страница поиска Санкт-Петербург, стр. 1: https://www.avito.ru/sankt-peterburg?q=%D0%BC%D1%83%D0%B6%D1%81%D0%BA%D0%BE%D0%B9%20%D0%BA%D0%BE%D1%81%D1%82%D1%8E%D0%BC%20nike
2026-05-26 17:06:59  INFO      parser  item-location сырой текст (карточка 1): ''
2026-05-26 17:06:59  INFO      parser  item-location сырой текст (карточка 2): ''
2026-05-26 17:06:59  INFO      parser  item-location сырой текст (карточка 3): ''
2026-05-26 17:06:59  INFO      parser  Санкт-Петербург: собрано 10/10 объявлений со стр. 1
2026-05-26 17:07:02  INFO      parser  Санкт-Петербург: собрано 10 объявлений со страниц поиска
2026-05-26 17:07:27  INFO      parser  Санкт-Петербург: парсинг завершён, итого объявлений: 10
2026-05-26 17:07:27  INFO      __main__  Прогресс: 2/10 — Санкт-Петербург
2026-05-26 17:07:27  INFO      __main__  Прогресс: 2/10 — Новосибирск
2026-05-26 17:07:27  INFO      parser  === Начинаем парсинг: Новосибирск (3/10) ===
2026-05-26 17:07:28  INFO      parser  CDP: подключаемся к браузеру по адресу http://localhost:9222
2026-05-26 17:07:28  INFO      parser  CDP: используем существующий контекст (contexts[0])
2026-05-26 17:07:29  INFO      parser  Страница поиска Новосибирск, стр. 1: https://www.avito.ru/novosibirsk?q=%D0%BC%D1%83%D0%B6%D1%81%D0%BA%D0%BE%D0%B9%20%D0%BA%D0%BE%D1%81%D1%82%D1%8E%D0%BC%20nike
2026-05-26 17:07:37  INFO      parser  item-location сырой текст (карточка 1): ''
2026-05-26 17:07:37  INFO      parser  item-location сырой текст (карточка 2): ''
2026-05-26 17:07:37  INFO      parser  item-location сырой текст (карточка 3): ''
2026-05-26 17:07:37  INFO      parser  Новосибирск: собрано 10/10 объявлений со стр. 1
2026-05-26 17:07:38  INFO      parser  Новосибирск: собрано 10 объявлений со страниц поиска
2026-05-26 17:08:05  INFO      parser  Новосибирск: парсинг завершён, итого объявлений: 10
2026-05-26 17:08:05  INFO      __main__  Прогресс: 3/10 — Новосибирск
2026-05-26 17:08:05  INFO      __main__  Прогресс: 3/10 — Екатеринбург
2026-05-26 17:08:05  INFO      parser  === Начинаем парсинг: Екатеринбург (4/10) ===
2026-05-26 17:08:05  INFO      parser  CDP: подключаемся к браузеру по адресу http://localhost:9222
2026-05-26 17:08:06  INFO      parser  CDP: используем существующий контекст (contexts[0])
2026-05-26 17:08:06  INFO      parser  Страница поиска Екатеринбург, стр. 1: https://www.avito.ru/ekaterinburg?q=%D0%BC%D1%83%D0%B6%D1%81%D0%BA%D0%BE%D0%B9%20%D0%BA%D0%BE%D1%81%D1%82%D1%8E%D0%BC%20nike
2026-05-26 17:08:14  INFO      parser  item-location сырой текст (карточка 1): ''
2026-05-26 17:08:14  INFO      parser  item-location сырой текст (карточка 2): ''
2026-05-26 17:08:14  INFO      parser  item-location сырой текст (карточка 3): ''
2026-05-26 17:08:14  INFO      parser  Екатеринбург: собрано 10/10 объявлений со стр. 1
2026-05-26 17:08:16  INFO      parser  Екатеринбург: собрано 10 объявлений со страниц поиска
2026-05-26 17:08:42  INFO      parser  Екатеринбург: парсинг завершён, итого объявлений: 10
2026-05-26 17:08:42  INFO      __main__  Прогресс: 4/10 — Екатеринбург
2026-05-26 17:08:42  INFO      __main__  Прогресс: 4/10 — Казань
2026-05-26 17:08:42  INFO      parser  === Начинаем парсинг: Казань (5/10) ===
2026-05-26 17:08:42  INFO      parser  CDP: подключаемся к браузеру по адресу http://localhost:9222
2026-05-26 17:08:43  INFO      parser  CDP: используем существующий контекст (contexts[0])
2026-05-26 17:08:43  INFO      parser  Страница поиска Казань, стр. 1: https://www.avito.ru/kazan?q=%D0%BC%D1%83%D0%B6%D1%81%D0%BA%D0%BE%D0%B9%20%D0%BA%D0%BE%D1%81%D1%82%D1%8E%D0%BC%20nike
2026-05-26 17:08:53  INFO      parser  item-location сырой текст (карточка 1): ''
2026-05-26 17:08:53  INFO      parser  item-location сырой текст (карточка 2): ''
2026-05-26 17:08:53  INFO      parser  item-location сырой текст (карточка 3): ''
2026-05-26 17:08:53  INFO      parser  Казань: собрано 10/10 объявлений со стр. 1
2026-05-26 17:08:56  INFO      parser  Казань: собрано 10 объявлений со страниц поиска
2026-05-26 17:09:23  INFO      parser  Казань: парсинг завершён, итого объявлений: 10
2026-05-26 17:09:23  INFO      __main__  Прогресс: 5/10 — Казань
2026-05-26 17:09:23  INFO      __main__  Прогресс: 5/10 — Нижний Новгород
2026-05-26 17:09:23  INFO      parser  === Начинаем парсинг: Нижний Новгород (6/10) ===
2026-05-26 17:09:23  INFO      parser  CDP: подключаемся к браузеру по адресу http://localhost:9222
2026-05-26 17:09:24  INFO      parser  CDP: используем существующий контекст (contexts[0])
2026-05-26 17:09:24  INFO      parser  Страница поиска Нижний Новгород, стр. 1: https://www.avito.ru/nizhniy_novgorod?q=%D0%BC%D1%83%D0%B6%D1%81%D0%BA%D0%BE%D0%B9%20%D0%BA%D0%BE%D1%81%D1%82%D1%8E%D0%BC%20nike
2026-05-26 17:09:32  INFO      parser  item-location сырой текст (карточка 1): ''
2026-05-26 17:09:32  INFO      parser  item-location сырой текст (карточка 2): ''
2026-05-26 17:09:32  INFO      parser  item-location сырой текст (карточка 3): ''
2026-05-26 17:09:32  INFO      parser  Нижний Новгород: собрано 10/10 объявлений со стр. 1
2026-05-26 17:09:35  INFO      parser  Нижний Новгород: собрано 10 объявлений со страниц поиска
2026-05-26 17:09:58  INFO      parser  Нижний Новгород: парсинг завершён, итого объявлений: 10
2026-05-26 17:09:58  INFO      __main__  Прогресс: 6/10 — Нижний Новгород
2026-05-26 17:09:58  INFO      __main__  Прогресс: 6/10 — Челябинск
2026-05-26 17:09:58  INFO      parser  === Начинаем парсинг: Челябинск (7/10) ===
2026-05-26 17:09:59  INFO      parser  CDP: подключаемся к браузеру по адресу http://localhost:9222
2026-05-26 17:10:00  INFO      parser  CDP: используем существующий контекст (contexts[0])
2026-05-26 17:10:00  INFO      parser  Страница поиска Челябинск, стр. 1: https://www.avito.ru/chelyabinsk?q=%D0%BC%D1%83%D0%B6%D1%81%D0%BA%D0%BE%D0%B9%20%D0%BA%D0%BE%D1%81%D1%82%D1%8E%D0%BC%20nike
2026-05-26 17:10:08  INFO      parser  item-location сырой текст (карточка 1): ''
2026-05-26 17:10:08  INFO      parser  item-location сырой текст (карточка 2): ''
2026-05-26 17:10:08  INFO      parser  item-location сырой текст (карточка 3): ''
2026-05-26 17:10:08  INFO      parser  Челябинск: собрано 10/10 объявлений со стр. 1
2026-05-26 17:10:10  INFO      parser  Челябинск: собрано 10 объявлений со страниц поиска
2026-05-26 17:10:37  INFO      parser  Челябинск: парсинг завершён, итого объявлений: 10
2026-05-26 17:10:37  INFO      __main__  Прогресс: 7/10 — Челябинск
2026-05-26 17:10:37  INFO      __main__  Прогресс: 7/10 — Самара
2026-05-26 17:10:37  INFO      parser  === Начинаем парсинг: Самара (8/10) ===
2026-05-26 17:10:37  INFO      parser  CDP: подключаемся к браузеру по адресу http://localhost:9222
2026-05-26 17:10:37  INFO      parser  CDP: используем существующий контекст (contexts[0])
2026-05-26 17:10:38  INFO      parser  Страница поиска Самара, стр. 1: https://www.avito.ru/samara?q=%D0%BC%D1%83%D0%B6%D1%81%D0%BA%D0%BE%D0%B9%20%D0%BA%D0%BE%D1%81%D1%82%D1%8E%D0%BC%20nike
2026-05-26 17:10:44  INFO      parser  item-location сырой текст (карточка 1): ''
2026-05-26 17:10:44  INFO      parser  item-location сырой текст (карточка 2): ''
2026-05-26 17:10:44  INFO      parser  item-location сырой текст (карточка 3): ''
2026-05-26 17:10:44  INFO      parser  Самара: собрано 10/10 объявлений со стр. 1
2026-05-26 17:10:46  INFO      parser  Самара: собрано 10 объявлений со страниц поиска
2026-05-26 17:11:06  INFO      parser  Самара: парсинг завершён, итого объявлений: 10
2026-05-26 17:11:06  INFO      __main__  Прогресс: 8/10 — Самара
2026-05-26 17:11:06  INFO      __main__  Прогресс: 8/10 — Уфа
2026-05-26 17:11:06  INFO      parser  === Начинаем парсинг: Уфа (9/10) ===
2026-05-26 17:11:06  INFO      parser  CDP: подключаемся к браузеру по адресу http://localhost:9222
2026-05-26 17:11:07  INFO      parser  CDP: используем существующий контекст (contexts[0])
2026-05-26 17:11:07  INFO      parser  Страница поиска Уфа, стр. 1: https://www.avito.ru/ufa?q=%D0%BC%D1%83%D0%B6%D1%81%D0%BA%D0%BE%D0%B9%20%D0%BA%D0%BE%D1%81%D1%82%D1%8E%D0%BC%20nike
2026-05-26 17:11:13  INFO      parser  item-location сырой текст (карточка 1): ''
2026-05-26 17:11:13  INFO      parser  item-location сырой текст (карточка 2): ''
2026-05-26 17:11:13  INFO      parser  item-location сырой текст (карточка 3): ''
2026-05-26 17:11:13  INFO      parser  Уфа: собрано 10/10 объявлений со стр. 1
2026-05-26 17:11:16  INFO      parser  Уфа: собрано 10 объявлений со страниц поиска
2026-05-26 17:11:39  INFO      parser  Уфа: парсинг завершён, итого объявлений: 10
2026-05-26 17:11:39  INFO      __main__  Прогресс: 9/10 — Уфа
2026-05-26 17:11:39  INFO      __main__  Прогресс: 9/10 — Ростов-на-Дону
2026-05-26 17:11:39  INFO      parser  === Начинаем парсинг: Ростов-на-Дону (10/10) ===
2026-05-26 17:11:40  INFO      parser  CDP: подключаемся к браузеру по адресу http://localhost:9222
2026-05-26 17:11:40  INFO      parser  CDP: используем существующий контекст (contexts[0])
2026-05-26 17:11:41  INFO      parser  Страница поиска Ростов-на-Дону, стр. 1: https://www.avito.ru/rostov-na-donu?q=%D0%BC%D1%83%D0%B6%D1%81%D0%BA%D0%BE%D0%B9%20%D0%BA%D0%BE%D1%81%D1%82%D1%8E%D0%BC%20nike
2026-05-26 17:11:48  INFO      parser  item-location сырой текст (карточка 1): ''
2026-05-26 17:11:48  INFO      parser  item-location сырой текст (карточка 2): ''
2026-05-26 17:11:48  INFO      parser  item-location сырой текст (карточка 3): ''
2026-05-26 17:11:48  INFO      parser  Ростов-на-Дону: собрано 10/10 объявлений со стр. 1
2026-05-26 17:11:50  INFO      parser  Ростов-на-Дону: собрано 10 объявлений со страниц поиска
2026-05-26 17:12:14  INFO      parser  Ростов-на-Дону: парсинг завершён, итого объявлений: 10
2026-05-26 17:12:14  INFO      __main__  Прогресс: 10/10 — Ростов-на-Дону
2026-05-26 17:12:14  INFO      parser  parse_all завершён. Городов обработано: 10/10
2026-05-26 17:12:14  INFO      analytics  Город Москва: 0 объявлений до фильтра, 0 после
2026-05-26 17:12:14  INFO      analytics  Город Санкт-Петербург: 10 объявлений до фильтра, 9 после
2026-05-26 17:12:14  INFO      analytics  Город Новосибирск: 10 объявлений до фильтра, 9 после
2026-05-26 17:12:14  INFO      analytics  Город Екатеринбург: 10 объявлений до фильтра, 7 после
2026-05-26 17:12:14  INFO      analytics  Город Казань: 10 объявлений до фильтра, 9 после
2026-05-26 17:12:14  INFO      analytics  Город Нижний Новгород: 10 объявлений до фильтра, 9 после
2026-05-26 17:12:14  INFO      analytics  Город Челябинск: 10 объявлений до фильтра, 8 после
2026-05-26 17:12:14  INFO      analytics  Город Самара: 10 объявлений до фильтра, 9 после
2026-05-26 17:12:14  INFO      analytics  Город Уфа: 10 объявлений до фильтра, 9 после
2026-05-26 17:12:14  INFO      analytics  Город Ростов-на-Дону: 10 объявлений до фильтра, 8 после
2026-05-26 17:12:14  INFO      cache  Кэш сохранён для ключа 'мужской костюм nike|10'
2026-05-26 17:12:14  INFO      __main__  Задача b1802abd-86ab-416c-b079-a61af6f9d5fd завершена. Городов: 10
2026-05-26 17:53:40  INFO      __main__  SQLite-кэш инициализирован
2026-05-26 17:54:39  INFO      __main__  Создана задача 0fd542ba-4a4e-41d4-8872-cb7ef86767d3 для запроса 'кроссовки nike' (count=10, filters=pmin=3000;pmax=5000)
2026-05-26 17:54:39  INFO      __main__  Прогресс: 0/10 — Москва
2026-05-26 17:54:39  INFO      parser  === Начинаем парсинг: Москва (1/10) ===
2026-05-26 17:54:40  INFO      parser  CDP: подключаемся к браузеру по адресу http://localhost:9222
2026-05-26 17:54:40  INFO      parser  CDP: используем существующий контекст (contexts[0])
2026-05-26 17:54:40  INFO      parser  Страница поиска Москва, стр. 1: https://www.avito.ru/moskva?q=%D0%BA%D1%80%D0%BE%D1%81%D1%81%D0%BE%D0%B2%D0%BA%D0%B8%20nike&pmax=5000&pmin=3000
2026-05-26 17:54:55  INFO      parser  item-location сырой текст (карточка 1): ''
2026-05-26 17:54:55  INFO      parser  item-location сырой текст (карточка 2): ''
2026-05-26 17:54:55  INFO      parser  item-location сырой текст (карточка 3): ''
2026-05-26 17:54:55  INFO      parser  Москва: собрано 10/10 объявлений со стр. 1
2026-05-26 17:54:58  INFO      parser  Москва: собрано 10 объявлений со страниц поиска
2026-05-26 17:55:52  INFO      parser  Москва: парсинг завершён, итого объявлений: 10
2026-05-26 17:55:52  INFO      __main__  Прогресс: 1/10 — Москва
2026-05-26 17:55:52  INFO      __main__  Прогресс: 1/10 — Санкт-Петербург
2026-05-26 17:55:52  INFO      parser  === Начинаем парсинг: Санкт-Петербург (2/10) ===
2026-05-26 17:55:52  INFO      parser  CDP: подключаемся к браузеру по адресу http://localhost:9222
2026-05-26 17:55:52  INFO      parser  CDP: используем существующий контекст (contexts[0])
2026-05-26 17:55:52  INFO      parser  Страница поиска Санкт-Петербург, стр. 1: https://www.avito.ru/sankt-peterburg?q=%D0%BA%D1%80%D0%BE%D1%81%D1%81%D0%BE%D0%B2%D0%BA%D0%B8%20nike&pmax=5000&pmin=3000
2026-05-26 17:55:58  INFO      parser  item-location сырой текст (карточка 1): ''
2026-05-26 17:55:58  INFO      parser  item-location сырой текст (карточка 2): ''
2026-05-26 17:55:58  INFO      parser  item-location сырой текст (карточка 3): ''
2026-05-26 17:55:58  INFO      parser  Санкт-Петербург: собрано 10/10 объявлений со стр. 1
2026-05-26 17:55:59  INFO      parser  Санкт-Петербург: собрано 10 объявлений со страниц поиска
2026-05-26 17:57:51  INFO      parser  Санкт-Петербург: парсинг завершён, итого объявлений: 10
2026-05-26 17:57:51  INFO      __main__  Прогресс: 2/10 — Санкт-Петербург
2026-05-26 17:57:51  INFO      __main__  Прогресс: 2/10 — Новосибирск
2026-05-26 17:57:51  INFO      parser  === Начинаем парсинг: Новосибирск (3/10) ===
2026-05-26 17:57:51  INFO      parser  CDP: подключаемся к браузеру по адресу http://localhost:9222
2026-05-26 17:57:51  INFO      parser  CDP: используем существующий контекст (contexts[0])
2026-05-26 17:57:51  INFO      parser  Страница поиска Новосибирск, стр. 1: https://www.avito.ru/novosibirsk?q=%D0%BA%D1%80%D0%BE%D1%81%D1%81%D0%BE%D0%B2%D0%BA%D0%B8%20nike&pmax=5000&pmin=3000
2026-05-26 17:57:59  INFO      parser  item-location сырой текст (карточка 1): ''
2026-05-26 17:57:59  INFO      parser  item-location сырой текст (карточка 2): ''
2026-05-26 17:57:59  INFO      parser  item-location сырой текст (карточка 3): ''
2026-05-26 17:58:00  INFO      parser  Новосибирск: собрано 10/10 объявлений со стр. 1
2026-05-26 17:58:01  INFO      parser  Новосибирск: собрано 10 объявлений со страниц поиска
2026-05-26 17:59:26  INFO      parser  Новосибирск: парсинг завершён, итого объявлений: 10
2026-05-26 17:59:26  INFO      __main__  Прогресс: 3/10 — Новосибирск
2026-05-26 17:59:26  INFO      __main__  Прогресс: 3/10 — Екатеринбург
2026-05-26 17:59:26  INFO      parser  === Начинаем парсинг: Екатеринбург (4/10) ===
2026-05-26 17:59:27  INFO      parser  CDP: подключаемся к браузеру по адресу http://localhost:9222
2026-05-26 17:59:27  INFO      parser  CDP: используем существующий контекст (contexts[0])
2026-05-26 17:59:27  INFO      parser  Страница поиска Екатеринбург, стр. 1: https://www.avito.ru/ekaterinburg?q=%D0%BA%D1%80%D0%BE%D1%81%D1%81%D0%BE%D0%B2%D0%BA%D0%B8%20nike&pmax=5000&pmin=3000
2026-05-26 17:59:34  INFO      parser  item-location сырой текст (карточка 1): ''
2026-05-26 17:59:34  INFO      parser  item-location сырой текст (карточка 2): ''
2026-05-26 17:59:34  INFO      parser  item-location сырой текст (карточка 3): ''
2026-05-26 17:59:34  INFO      parser  Екатеринбург: собрано 10/10 объявлений со стр. 1
2026-05-26 17:59:36  INFO      parser  Екатеринбург: собрано 10 объявлений со страниц поиска
2026-05-26 18:01:29  INFO      parser  Екатеринбург: парсинг завершён, итого объявлений: 10
2026-05-26 18:01:29  INFO      __main__  Прогресс: 4/10 — Екатеринбург
2026-05-26 18:01:29  INFO      __main__  Прогресс: 4/10 — Казань
2026-05-26 18:01:29  INFO      parser  === Начинаем парсинг: Казань (5/10) ===
2026-05-26 18:01:29  INFO      parser  CDP: подключаемся к браузеру по адресу http://localhost:9222
2026-05-26 18:01:29  INFO      parser  CDP: используем существующий контекст (contexts[0])
2026-05-26 18:01:29  INFO      parser  Страница поиска Казань, стр. 1: https://www.avito.ru/kazan?q=%D0%BA%D1%80%D0%BE%D1%81%D1%81%D0%BE%D0%B2%D0%BA%D0%B8%20nike&pmax=5000&pmin=3000
2026-05-26 18:01:38  INFO      parser  item-location сырой текст (карточка 1): ''
2026-05-26 18:01:38  INFO      parser  item-location сырой текст (карточка 2): ''
2026-05-26 18:01:38  INFO      parser  item-location сырой текст (карточка 3): ''
2026-05-26 18:01:38  INFO      parser  Казань: собрано 10/10 объявлений со стр. 1
2026-05-26 18:01:41  INFO      parser  Казань: собрано 10 объявлений со страниц поиска
2026-05-26 18:03:34  INFO      parser  Казань: парсинг завершён, итого объявлений: 10
2026-05-26 18:03:34  INFO      __main__  Прогресс: 5/10 — Казань
2026-05-26 18:03:34  INFO      __main__  Прогресс: 5/10 — Нижний Новгород
2026-05-26 18:03:34  INFO      parser  === Начинаем парсинг: Нижний Новгород (6/10) ===
2026-05-26 18:03:35  INFO      parser  CDP: подключаемся к браузеру по адресу http://localhost:9222
2026-05-26 18:03:35  INFO      parser  CDP: используем существующий контекст (contexts[0])
2026-05-26 18:03:35  INFO      parser  Страница поиска Нижний Новгород, стр. 1: https://www.avito.ru/nizhniy_novgorod?q=%D0%BA%D1%80%D0%BE%D1%81%D1%81%D0%BE%D0%B2%D0%BA%D0%B8%20nike&pmax=5000&pmin=3000
2026-05-26 18:03:43  INFO      parser  item-location сырой текст (карточка 1): ''
2026-05-26 18:03:43  INFO      parser  item-location сырой текст (карточка 2): ''
2026-05-26 18:03:43  INFO      parser  item-location сырой текст (карточка 3): ''
2026-05-26 18:03:43  INFO      parser  Нижний Новгород: собрано 10/10 объявлений со стр. 1
2026-05-26 18:03:46  INFO      parser  Нижний Новгород: собрано 10 объявлений со страниц поиска
2026-05-26 18:05:10  INFO      parser  Нижний Новгород: парсинг завершён, итого объявлений: 10
2026-05-26 18:05:10  INFO      __main__  Прогресс: 6/10 — Нижний Новгород
2026-05-26 18:05:10  INFO      __main__  Прогресс: 6/10 — Челябинск
2026-05-26 18:05:10  INFO      parser  === Начинаем парсинг: Челябинск (7/10) ===
2026-05-26 18:05:10  INFO      parser  CDP: подключаемся к браузеру по адресу http://localhost:9222
2026-05-26 18:05:11  INFO      parser  CDP: используем существующий контекст (contexts[0])
2026-05-26 18:05:11  INFO      parser  Страница поиска Челябинск, стр. 1: https://www.avito.ru/chelyabinsk?q=%D0%BA%D1%80%D0%BE%D1%81%D1%81%D0%BE%D0%B2%D0%BA%D0%B8%20nike&pmax=5000&pmin=3000
2026-05-26 18:05:17  INFO      parser  item-location сырой текст (карточка 1): ''
2026-05-26 18:05:17  INFO      parser  item-location сырой текст (карточка 2): ''
2026-05-26 18:05:17  INFO      parser  item-location сырой текст (карточка 3): ''
2026-05-26 18:05:17  INFO      parser  Челябинск: собрано 10/10 объявлений со стр. 1
2026-05-26 18:05:20  INFO      parser  Челябинск: собрано 10 объявлений со страниц поиска
2026-05-26 18:06:41  INFO      parser  Челябинск: парсинг завершён, итого объявлений: 10
2026-05-26 18:06:41  INFO      __main__  Прогресс: 7/10 — Челябинск
2026-05-26 18:06:41  INFO      __main__  Прогресс: 7/10 — Самара
2026-05-26 18:06:41  INFO      parser  === Начинаем парсинг: Самара (8/10) ===
2026-05-26 18:06:41  INFO      parser  CDP: подключаемся к браузеру по адресу http://localhost:9222
2026-05-26 18:06:41  INFO      parser  CDP: используем существующий контекст (contexts[0])
2026-05-26 18:06:41  INFO      parser  Страница поиска Самара, стр. 1: https://www.avito.ru/samara?q=%D0%BA%D1%80%D0%BE%D1%81%D1%81%D0%BE%D0%B2%D0%BA%D0%B8%20nike&pmax=5000&pmin=3000
2026-05-26 18:06:48  INFO      parser  item-location сырой текст (карточка 1): ''
2026-05-26 18:06:49  INFO      parser  item-location сырой текст (карточка 2): ''
2026-05-26 18:06:49  INFO      parser  item-location сырой текст (карточка 3): ''
2026-05-26 18:06:49  INFO      parser  Самара: собрано 10/10 объявлений со стр. 1
2026-05-26 18:06:50  INFO      parser  Самара: собрано 10 объявлений со страниц поиска
2026-05-26 18:08:41  INFO      parser  Самара: парсинг завершён, итого объявлений: 10
2026-05-26 18:08:41  INFO      __main__  Прогресс: 8/10 — Самара
2026-05-26 18:08:41  INFO      __main__  Прогресс: 8/10 — Уфа
2026-05-26 18:08:41  INFO      parser  === Начинаем парсинг: Уфа (9/10) ===
2026-05-26 18:08:42  INFO      parser  CDP: подключаемся к браузеру по адресу http://localhost:9222
2026-05-26 18:08:42  INFO      parser  CDP: используем существующий контекст (contexts[0])
2026-05-26 18:08:42  INFO      parser  Страница поиска Уфа, стр. 1: https://www.avito.ru/ufa?q=%D0%BA%D1%80%D0%BE%D1%81%D1%81%D0%BE%D0%B2%D0%BA%D0%B8%20nike&pmax=5000&pmin=3000
2026-05-26 18:08:48  INFO      parser  item-location сырой текст (карточка 1): ''
2026-05-26 18:08:48  INFO      parser  item-location сырой текст (карточка 2): ''
2026-05-26 18:08:48  INFO      parser  item-location сырой текст (карточка 3): ''
2026-05-26 18:08:49  INFO      parser  Уфа: собрано 10/10 объявлений со стр. 1
2026-05-26 18:08:50  INFO      parser  Уфа: собрано 10 объявлений со страниц поиска
2026-05-26 18:10:50  INFO      parser  Уфа: парсинг завершён, итого объявлений: 10
2026-05-26 18:10:50  INFO      __main__  Прогресс: 9/10 — Уфа
2026-05-26 18:10:50  INFO      __main__  Прогресс: 9/10 — Ростов-на-Дону
2026-05-26 18:10:50  INFO      parser  === Начинаем парсинг: Ростов-на-Дону (10/10) ===
2026-05-26 18:10:50  INFO      parser  CDP: подключаемся к браузеру по адресу http://localhost:9222
2026-05-26 18:10:50  INFO      parser  CDP: используем существующий контекст (contexts[0])
2026-05-26 18:10:50  INFO      parser  Страница поиска Ростов-на-Дону, стр. 1: https://www.avito.ru/rostov-na-donu?q=%D0%BA%D1%80%D0%BE%D1%81%D1%81%D0%BE%D0%B2%D0%BA%D0%B8%20nike&pmax=5000&pmin=3000
2026-05-26 18:11:06  INFO      parser  item-location сырой текст (карточка 1): ''
2026-05-26 18:11:06  INFO      parser  item-location сырой текст (карточка 2): ''
2026-05-26 18:11:06  INFO      parser  item-location сырой текст (карточка 3): ''
2026-05-26 18:11:06  INFO      parser  Ростов-на-Дону: собрано 10/10 объявлений со стр. 1
2026-05-26 18:11:08  INFO      parser  Ростов-на-Дону: собрано 10 объявлений со страниц поиска
2026-05-26 18:13:09  INFO      parser  Ростов-на-Дону: парсинг завершён, итого объявлений: 10
2026-05-26 18:13:09  INFO      __main__  Прогресс: 10/10 — Ростов-на-Дону
2026-05-26 18:13:09  INFO      parser  parse_all завершён. Городов обработано: 10/10
2026-05-26 18:13:09  INFO      analytics  Город Москва: 10 объявлений до фильтра, 10 после
2026-05-26 18:13:09  INFO      analytics  Город Санкт-Петербург: 10 объявлений до фильтра, 10 после
2026-05-26 18:13:09  INFO      analytics  Город Новосибирск: 10 объявлений до фильтра, 10 после
2026-05-26 18:13:09  INFO      analytics  Город Екатеринбург: 10 объявлений до фильтра, 9 после
2026-05-26 18:13:09  INFO      analytics  Город Казань: 10 объявлений до фильтра, 9 после
2026-05-26 18:13:09  INFO      analytics  Город Нижний Новгород: 10 объявлений до фильтра, 10 после
2026-05-26 18:13:09  INFO      analytics  Город Челябинск: 10 объявлений до фильтра, 10 после
2026-05-26 18:13:09  INFO      analytics  Город Самара: 10 объявлений до фильтра, 10 после
2026-05-26 18:13:09  INFO      analytics  Город Уфа: 10 объявлений до фильтра, 10 после
2026-05-26 18:13:09  INFO      analytics  Город Ростов-на-Дону: 10 объявлений до фильтра, 9 после
2026-05-26 18:13:09  INFO      cache  Кэш сохранён для ключа 'кроссовки nike|10|pmin=3000;pmax=5000'
2026-05-26 18:13:09  INFO      __main__  Задача 0fd542ba-4a4e-41d4-8872-cb7ef86767d3 завершена. Городов: 10
2026-05-26 19:09:07  INFO      __main__  SQLite-кэш инициализирован
2026-05-26 19:10:03  INFO      __main__  Создана задача 5879fc9d-d1fb-46bf-8592-c4d423cd80f7 для запроса 'кроссовки nike' (count=7, filters=pmin=3000;pmax=4999, cities=balashiha,chelyabinsk,krasnoyarsk,ryazan,samara,ufa)
2026-05-26 19:10:03  INFO      __main__  Прогресс: 0/6 — Челябинск
2026-05-26 19:10:03  INFO      parser  === Начинаем парсинг: Челябинск (1/6) ===
2026-05-26 19:10:03  INFO      parser  CDP: подключаемся к браузеру по адресу http://localhost:9222
2026-05-26 19:10:04  INFO      parser  CDP: используем существующий контекст (contexts[0])
2026-05-26 19:10:04  INFO      parser  Страница поиска Челябинск, стр. 1: https://www.avito.ru/chelyabinsk?q=%D0%BA%D1%80%D0%BE%D1%81%D1%81%D0%BE%D0%B2%D0%BA%D0%B8%20nike&pmax=4999&pmin=3000
2026-05-26 19:10:34  WARNING   parser  Ошибка загрузки страницы Челябинск стр. 1: Page.goto: Timeout 30000ms exceeded.
Call log:
  - navigating to "https://www.avito.ru/chelyabinsk?q=%D0%BA%D1%80%D0%BE%D1%81%D1%81%D0%BE%D0%B2%D0%BA%D0%B8%20nike&pmax=4999&pmin=3000", waiting until "domcontentloaded"

2026-05-26 19:10:34  INFO      parser  Челябинск: собрано 0 объявлений со страниц поиска
2026-05-26 19:10:34  INFO      parser  Челябинск: парсинг завершён, итого объявлений: 0
2026-05-26 19:10:34  INFO      __main__  Прогресс: 1/6 — Челябинск
2026-05-26 19:10:34  INFO      __main__  Прогресс: 1/6 — Красноярск
2026-05-26 19:10:34  INFO      parser  === Начинаем парсинг: Красноярск (2/6) ===
2026-05-26 19:10:34  INFO      parser  CDP: подключаемся к браузеру по адресу http://localhost:9222
2026-05-26 19:10:35  INFO      parser  CDP: используем существующий контекст (contexts[0])
2026-05-26 19:10:35  INFO      parser  Страница поиска Красноярск, стр. 1: https://www.avito.ru/krasnoyarsk?q=%D0%BA%D1%80%D0%BE%D1%81%D1%81%D0%BE%D0%B2%D0%BA%D0%B8%20nike&pmax=4999&pmin=3000
2026-05-26 19:10:41  INFO      parser  item-location сырой текст (карточка 1): ''
2026-05-26 19:10:41  INFO      parser  item-location сырой текст (карточка 2): ''
2026-05-26 19:10:41  INFO      parser  item-location сырой текст (карточка 3): ''
2026-05-26 19:10:41  INFO      parser  Красноярск: собрано 7/7 объявлений со стр. 1
2026-05-26 19:10:42  INFO      parser  Красноярск: собрано 7 объявлений со страниц поиска
2026-05-26 19:10:57  INFO      parser  Красноярск: парсинг завершён, итого объявлений: 7
2026-05-26 19:10:57  INFO      __main__  Прогресс: 2/6 — Красноярск
2026-05-26 19:10:57  INFO      __main__  Прогресс: 2/6 — Самара
2026-05-26 19:10:57  INFO      parser  === Начинаем парсинг: Самара (3/6) ===
2026-05-26 19:10:57  INFO      parser  CDP: подключаемся к браузеру по адресу http://localhost:9222
2026-05-26 19:10:57  INFO      parser  CDP: используем существующий контекст (contexts[0])
2026-05-26 19:10:57  INFO      parser  Страница поиска Самара, стр. 1: https://www.avito.ru/samara?q=%D0%BA%D1%80%D0%BE%D1%81%D1%81%D0%BE%D0%B2%D0%BA%D0%B8%20nike&pmax=4999&pmin=3000
2026-05-26 19:11:04  INFO      parser  item-location сырой текст (карточка 1): ''
2026-05-26 19:11:04  INFO      parser  item-location сырой текст (карточка 2): ''
2026-05-26 19:11:04  INFO      parser  item-location сырой текст (карточка 3): ''
2026-05-26 19:11:04  INFO      parser  Самара: собрано 7/7 объявлений со стр. 1
2026-05-26 19:11:05  INFO      parser  Самара: собрано 7 объявлений со страниц поиска
2026-05-26 19:11:20  INFO      parser  Самара: парсинг завершён, итого объявлений: 7
2026-05-26 19:11:20  INFO      __main__  Прогресс: 3/6 — Самара
2026-05-26 19:11:20  INFO      __main__  Прогресс: 3/6 — Уфа
2026-05-26 19:11:20  INFO      parser  === Начинаем парсинг: Уфа (4/6) ===
2026-05-26 19:11:21  INFO      parser  CDP: подключаемся к браузеру по адресу http://localhost:9222
2026-05-26 19:11:21  INFO      parser  CDP: используем существующий контекст (contexts[0])
2026-05-26 19:11:21  INFO      parser  Страница поиска Уфа, стр. 1: https://www.avito.ru/ufa?q=%D0%BA%D1%80%D0%BE%D1%81%D1%81%D0%BE%D0%B2%D0%BA%D0%B8%20nike&pmax=4999&pmin=3000
2026-05-26 19:11:27  INFO      parser  item-location сырой текст (карточка 1): ''
2026-05-26 19:11:27  INFO      parser  item-location сырой текст (карточка 2): ''
2026-05-26 19:11:27  INFO      parser  item-location сырой текст (карточка 3): ''
2026-05-26 19:11:27  INFO      parser  Уфа: собрано 7/7 объявлений со стр. 1
2026-05-26 19:11:30  INFO      parser  Уфа: собрано 7 объявлений со страниц поиска
2026-05-26 19:11:44  INFO      parser  Уфа: парсинг завершён, итого объявлений: 7
2026-05-26 19:11:44  INFO      __main__  Прогресс: 4/6 — Уфа
2026-05-26 19:11:44  INFO      __main__  Прогресс: 4/6 — Рязань
2026-05-26 19:11:44  INFO      parser  === Начинаем парсинг: Рязань (5/6) ===
2026-05-26 19:11:45  INFO      parser  CDP: подключаемся к браузеру по адресу http://localhost:9222
2026-05-26 19:11:45  INFO      parser  CDP: используем существующий контекст (contexts[0])
2026-05-26 19:11:45  INFO      parser  Страница поиска Рязань, стр. 1: https://www.avito.ru/ryazan?q=%D0%BA%D1%80%D0%BE%D1%81%D1%81%D0%BE%D0%B2%D0%BA%D0%B8%20nike&pmax=4999&pmin=3000
2026-05-26 19:11:51  INFO      parser  item-location сырой текст (карточка 1): ''
2026-05-26 19:11:51  INFO      parser  item-location сырой текст (карточка 2): ''
2026-05-26 19:11:51  INFO      parser  item-location сырой текст (карточка 3): ''
2026-05-26 19:11:52  INFO      parser  Рязань: собрано 7/7 объявлений со стр. 1
2026-05-26 19:11:54  INFO      parser  Рязань: собрано 7 объявлений со страниц поиска
2026-05-26 19:12:08  INFO      parser  Рязань: парсинг завершён, итого объявлений: 7
2026-05-26 19:12:08  INFO      __main__  Прогресс: 5/6 — Рязань
2026-05-26 19:12:08  INFO      __main__  Прогресс: 5/6 — Балашиха
2026-05-26 19:12:08  INFO      parser  === Начинаем парсинг: Балашиха (6/6) ===
2026-05-26 19:12:08  INFO      parser  CDP: подключаемся к браузеру по адресу http://localhost:9222
2026-05-26 19:12:08  INFO      parser  CDP: используем существующий контекст (contexts[0])
2026-05-26 19:12:08  INFO      parser  Страница поиска Балашиха, стр. 1: https://www.avito.ru/balashiha?q=%D0%BA%D1%80%D0%BE%D1%81%D1%81%D0%BE%D0%B2%D0%BA%D0%B8%20nike&pmax=4999&pmin=3000
2026-05-26 19:12:15  INFO      parser  item-location сырой текст (карточка 1): ''
2026-05-26 19:12:15  INFO      parser  item-location сырой текст (карточка 2): ''
2026-05-26 19:12:15  INFO      parser  item-location сырой текст (карточка 3): ''
2026-05-26 19:12:16  INFO      parser  Балашиха: собрано 7/7 объявлений со стр. 1
2026-05-26 19:12:17  INFO      parser  Балашиха: собрано 7 объявлений со страниц поиска
2026-05-26 19:13:03  INFO      parser  Балашиха: парсинг завершён, итого объявлений: 7
2026-05-26 19:13:03  INFO      __main__  Прогресс: 6/6 — Балашиха
2026-05-26 19:13:03  INFO      parser  parse_all завершён. Городов обработано: 6/6
2026-05-26 19:13:03  INFO      analytics  Город Челябинск: 0 объявлений до фильтра, 0 после
2026-05-26 19:13:03  INFO      analytics  Город Красноярск: 7 объявлений до фильтра, 6 после
2026-05-26 19:13:03  INFO      analytics  Город Самара: 7 объявлений до фильтра, 7 после
2026-05-26 19:13:03  INFO      analytics  Город Уфа: 7 объявлений до фильтра, 7 после
2026-05-26 19:13:03  INFO      analytics  Город Рязань: 7 объявлений до фильтра, 7 после
2026-05-26 19:13:03  INFO      analytics  Город Балашиха: 7 объявлений до фильтра, 6 после
2026-05-26 19:13:03  INFO      cache  Кэш сохранён для ключа 'кроссовки nike|7|pmin=3000;pmax=4999|balashiha,chelyabinsk,krasnoyarsk,ryazan,samara,ufa'
2026-05-26 19:13:03  INFO      __main__  Задача 5879fc9d-d1fb-46bf-8592-c4d423cd80f7 завершена. Городов: 6
2026-05-26 21:41:31  INFO      __main__  SQLite-кэш инициализирован
2026-05-26 21:42:56  INFO      __main__  Создана задача a29a7faf-4618-445d-9d73-c39d377d25a6 для запроса 'кроссовки nike' (count=9, filters=pmin=3299;pmax=4300, cities=krasnoyarsk,samara,saratov,tyumen,ufa)
2026-05-26 21:42:56  INFO      __main__  Прогресс: 0/5 — Красноярск
2026-05-26 21:42:56  INFO      parser  === Начинаем парсинг: Красноярск (1/5) ===
2026-05-26 21:42:57  INFO      parser  CDP: подключаемся к браузеру по адресу http://localhost:9222
2026-05-26 21:42:57  INFO      parser  CDP: используем существующий контекст (contexts[0])
2026-05-26 21:42:58  INFO      parser  Страница поиска Красноярск, стр. 1: https://www.avito.ru/krasnoyarsk?q=%D0%BA%D1%80%D0%BE%D1%81%D1%81%D0%BE%D0%B2%D0%BA%D0%B8%20nike&pmax=4300&pmin=3299
2026-05-26 21:43:05  INFO      parser  item-location сырой текст (карточка 1): ''
2026-05-26 21:43:05  INFO      parser  item-location сырой текст (карточка 2): ''
2026-05-26 21:43:05  INFO      parser  item-location сырой текст (карточка 3): ''
2026-05-26 21:43:05  INFO      parser  Красноярск: собрано 9/9 объявлений со стр. 1
2026-05-26 21:43:07  INFO      parser  Красноярск: собрано 9 объявлений со страниц поиска
2026-05-26 21:43:31  INFO      parser  Красноярск: парсинг завершён, итого объявлений: 9
2026-05-26 21:43:31  INFO      __main__  Прогресс: 1/5 — Красноярск
2026-05-26 21:43:31  INFO      __main__  Прогресс: 1/5 — Самара
2026-05-26 21:43:31  INFO      parser  === Начинаем парсинг: Самара (2/5) ===
2026-05-26 21:43:32  INFO      parser  CDP: подключаемся к браузеру по адресу http://localhost:9222
2026-05-26 21:43:32  INFO      parser  CDP: используем существующий контекст (contexts[0])
2026-05-26 21:43:33  INFO      parser  Страница поиска Самара, стр. 1: https://www.avito.ru/samara?q=%D0%BA%D1%80%D0%BE%D1%81%D1%81%D0%BE%D0%B2%D0%BA%D0%B8%20nike&pmax=4300&pmin=3299
2026-05-26 21:43:41  INFO      parser  item-location сырой текст (карточка 1): ''
2026-05-26 21:43:41  INFO      parser  item-location сырой текст (карточка 2): ''
2026-05-26 21:43:41  INFO      parser  item-location сырой текст (карточка 3): ''
2026-05-26 21:43:41  INFO      parser  Самара: собрано 9/9 объявлений со стр. 1
2026-05-26 21:43:42  INFO      parser  Самара: собрано 9 объявлений со страниц поиска
2026-05-26 21:44:04  INFO      parser  Самара: парсинг завершён, итого объявлений: 9
2026-05-26 21:44:04  INFO      __main__  Прогресс: 2/5 — Самара
2026-05-26 21:44:04  INFO      __main__  Прогресс: 2/5 — Уфа
2026-05-26 21:44:04  INFO      parser  === Начинаем парсинг: Уфа (3/5) ===
2026-05-26 21:44:04  INFO      parser  CDP: подключаемся к браузеру по адресу http://localhost:9222
2026-05-26 21:44:05  INFO      parser  CDP: используем существующий контекст (contexts[0])
2026-05-26 21:44:05  INFO      parser  Страница поиска Уфа, стр. 1: https://www.avito.ru/ufa?q=%D0%BA%D1%80%D0%BE%D1%81%D1%81%D0%BE%D0%B2%D0%BA%D0%B8%20nike&pmax=4300&pmin=3299
2026-05-26 21:44:12  INFO      parser  item-location сырой текст (карточка 1): ''
2026-05-26 21:44:12  INFO      parser  item-location сырой текст (карточка 2): ''
2026-05-26 21:44:12  INFO      parser  item-location сырой текст (карточка 3): ''
2026-05-26 21:44:13  INFO      parser  Уфа: собрано 9/9 объявлений со стр. 1
2026-05-26 21:44:15  INFO      parser  Уфа: собрано 9 объявлений со страниц поиска
2026-05-26 21:44:37  INFO      parser  Уфа: парсинг завершён, итого объявлений: 9
2026-05-26 21:44:37  INFO      __main__  Прогресс: 3/5 — Уфа
2026-05-26 21:44:37  INFO      __main__  Прогресс: 3/5 — Саратов
2026-05-26 21:44:37  INFO      parser  === Начинаем парсинг: Саратов (4/5) ===
2026-05-26 21:44:37  INFO      parser  CDP: подключаемся к браузеру по адресу http://localhost:9222
2026-05-26 21:44:37  INFO      parser  CDP: используем существующий контекст (contexts[0])
2026-05-26 21:44:37  INFO      parser  Страница поиска Саратов, стр. 1: https://www.avito.ru/saratov?q=%D0%BA%D1%80%D0%BE%D1%81%D1%81%D0%BE%D0%B2%D0%BA%D0%B8%20nike&pmax=4300&pmin=3299
2026-05-26 21:44:45  INFO      parser  item-location сырой текст (карточка 1): ''
2026-05-26 21:44:45  INFO      parser  item-location сырой текст (карточка 2): ''
2026-05-26 21:44:45  INFO      parser  item-location сырой текст (карточка 3): ''
2026-05-26 21:44:45  INFO      parser  Саратов: собрано 9/9 объявлений со стр. 1
2026-05-26 21:44:47  INFO      parser  Саратов: собрано 9 объявлений со страниц поиска
2026-05-26 21:45:07  INFO      parser  Саратов: парсинг завершён, итого объявлений: 9
2026-05-26 21:45:07  INFO      __main__  Прогресс: 4/5 — Саратов
2026-05-26 21:45:07  INFO      __main__  Прогресс: 4/5 — Тюмень
2026-05-26 21:45:07  INFO      parser  === Начинаем парсинг: Тюмень (5/5) ===
2026-05-26 21:45:08  INFO      parser  CDP: подключаемся к браузеру по адресу http://localhost:9222
2026-05-26 21:45:08  INFO      parser  CDP: используем существующий контекст (contexts[0])
2026-05-26 21:45:08  INFO      parser  Страница поиска Тюмень, стр. 1: https://www.avito.ru/tyumen?q=%D0%BA%D1%80%D0%BE%D1%81%D1%81%D0%BE%D0%B2%D0%BA%D0%B8%20nike&pmax=4300&pmin=3299
2026-05-26 21:45:16  INFO      parser  item-location сырой текст (карточка 1): ''
2026-05-26 21:45:16  INFO      parser  item-location сырой текст (карточка 2): ''
2026-05-26 21:45:16  INFO      parser  item-location сырой текст (карточка 3): ''
2026-05-26 21:45:16  INFO      parser  Тюмень: собрано 9/9 объявлений со стр. 1
2026-05-26 21:45:18  INFO      parser  Тюмень: собрано 9 объявлений со страниц поиска
2026-05-26 21:45:39  INFO      parser  Тюмень: парсинг завершён, итого объявлений: 9
2026-05-26 21:45:39  INFO      __main__  Прогресс: 5/5 — Тюмень
2026-05-26 21:45:39  INFO      parser  parse_all завершён. Городов обработано: 5/5
2026-05-26 21:45:39  INFO      analytics  Город Красноярск: всего 9 объявлений, местных 6, после фильтра свежести 6
2026-05-26 21:45:39  INFO      analytics  Город Самара: всего 9 объявлений, местных 5, после фильтра свежести 4
2026-05-26 21:45:39  INFO      analytics  Город Уфа: всего 9 объявлений, местных 3, после фильтра свежести 3
2026-05-26 21:45:39  INFO      analytics  Город Саратов: всего 9 объявлений, местных 1, после фильтра свежести 0
2026-05-26 21:45:39  INFO      analytics  Город Тюмень: всего 9 объявлений, местных 0, после фильтра свежести 0
2026-05-26 21:45:39  INFO      cache  Кэш сохранён для ключа 'кроссовки nike|9|pmin=3299;pmax=4300|krasnoyarsk,samara,saratov,tyumen,ufa'
2026-05-26 21:45:39  INFO      __main__  Задача a29a7faf-4618-445d-9d73-c39d377d25a6 завершена. Городов: 5
2026-05-26 22:10:39  INFO      __main__  SQLite-кэш инициализирован
2026-05-26 22:13:44  INFO      __main__  Создана задача 5d96f5f2-bcb9-4dd2-9532-32ec2d6ad14a для запроса 'костюм двойка летняя' (count=8, filters=pmin=2000;pmax=5000, cities=krasnodar,samara,sankt-peterburg,tolyatti,volgograd)
2026-05-26 22:13:44  INFO      __main__  Прогресс: 0/5 — Санкт-Петербург
2026-05-26 22:13:44  INFO      parser  === Начинаем парсинг: Санкт-Петербург (1/5) ===
2026-05-26 22:13:45  INFO      parser  CDP: подключаемся к браузеру по адресу http://localhost:9222
2026-05-26 22:13:45  INFO      parser  CDP: используем существующий контекст (contexts[0])
2026-05-26 22:13:45  INFO      parser  Страница поиска Санкт-Петербург, стр. 1: https://www.avito.ru/sankt-peterburg?q=%D0%BA%D0%BE%D1%81%D1%82%D1%8E%D0%BC%20%D0%B4%D0%B2%D0%BE%D0%B9%D0%BA%D0%B0%20%D0%BB%D0%B5%D1%82%D0%BD%D1%8F%D1%8F&pmax=5000&pmin=2000
2026-05-26 22:14:00  INFO      parser  item-location сырой текст (карточка 1): 'Улица Дыбенко , 21–30 мин.'
2026-05-26 22:14:00  INFO      parser  item-location сырой текст (карточка 2): 'Москва'
2026-05-26 22:14:00  INFO      parser  item-location сырой текст (карточка 3): 'Гостиный двор , до 5 мин.'
2026-05-26 22:14:00  INFO      parser  Санкт-Петербург: стр. 1 — местных на странице 8, всего собрано 8/8
2026-05-26 22:14:02  INFO      parser  Санкт-Петербург: собрано 8 объявлений со страниц поиска
2026-05-26 22:14:21  INFO      parser  Санкт-Петербург: парсинг завершён, итого объявлений: 8
2026-05-26 22:14:21  INFO      __main__  Прогресс: 1/5 — Санкт-Петербург
2026-05-26 22:14:21  INFO      __main__  Прогресс: 1/5 — Самара
2026-05-26 22:14:21  INFO      parser  === Начинаем парсинг: Самара (2/5) ===
2026-05-26 22:14:22  INFO      parser  CDP: подключаемся к браузеру по адресу http://localhost:9222
2026-05-26 22:14:22  INFO      parser  CDP: используем существующий контекст (contexts[0])
2026-05-26 22:14:22  INFO      parser  Страница поиска Самара, стр. 1: https://www.avito.ru/samara?q=%D0%BA%D0%BE%D1%81%D1%82%D1%8E%D0%BC%20%D0%B4%D0%B2%D0%BE%D0%B9%D0%BA%D0%B0%20%D0%BB%D0%B5%D1%82%D0%BD%D1%8F%D1%8F&pmax=5000&pmin=2000
2026-05-26 22:14:28  INFO      parser  item-location сырой текст (карточка 1): 'Москва'
2026-05-26 22:14:28  INFO      parser  item-location сырой текст (карточка 2): 'Казань'
2026-05-26 22:14:28  INFO      parser  item-location сырой текст (карточка 3): 'Москва'
2026-05-26 22:14:28  INFO      parser  Самара: стр. 1 — местных на странице 4, всего собрано 4/8
2026-05-26 22:14:30  INFO      parser  Страница поиска Самара, стр. 2: https://www.avito.ru/samara?q=%D0%BA%D0%BE%D1%81%D1%82%D1%8E%D0%BC%20%D0%B4%D0%B2%D0%BE%D0%B9%D0%BA%D0%B0%20%D0%BB%D0%B5%D1%82%D0%BD%D1%8F%D1%8F&pmax=5000&pmin=2000&p=2
2026-05-26 22:14:34  INFO      parser  item-location сырой текст (карточка 1): 'Саратов'
2026-05-26 22:14:34  INFO      parser  item-location сырой текст (карточка 2): 'Щёлково'
2026-05-26 22:14:34  INFO      parser  item-location сырой текст (карточка 3): 'Домодедово'
2026-05-26 22:14:34  INFO      parser  Самара: стр. 2 — местных на странице 1, всего собрано 5/8
2026-05-26 22:14:35  INFO      parser  Страница поиска Самара, стр. 3: https://www.avito.ru/samara?q=%D0%BA%D0%BE%D1%81%D1%82%D1%8E%D0%BC%20%D0%B4%D0%B2%D0%BE%D0%B9%D0%BA%D0%B0%20%D0%BB%D0%B5%D1%82%D0%BD%D1%8F%D1%8F&pmax=5000&pmin=2000&p=3
2026-05-26 22:14:39  INFO      parser  item-location сырой текст (карточка 1): 'Казань'
2026-05-26 22:14:39  INFO      parser  item-location сырой текст (карточка 2): 'Москва'
2026-05-26 22:14:39  INFO      parser  item-location сырой текст (карточка 3): 'Чебоксары'
2026-05-26 22:14:39  INFO      parser  Самара: стр. 3 — местных на странице 3, всего собрано 8/8
2026-05-26 22:14:40  INFO      parser  Самара: собрано 8 объявлений со страниц поиска
2026-05-26 22:14:58  INFO      parser  Самара: парсинг завершён, итого объявлений: 8
2026-05-26 22:14:58  INFO      __main__  Прогресс: 2/5 — Самара
2026-05-26 22:14:58  INFO      __main__  Прогресс: 2/5 — Краснодар
2026-05-26 22:14:58  INFO      parser  === Начинаем парсинг: Краснодар (3/5) ===
2026-05-26 22:14:59  INFO      parser  CDP: подключаемся к браузеру по адресу http://localhost:9222
2026-05-26 22:14:59  INFO      parser  CDP: используем существующий контекст (contexts[0])
2026-05-26 22:14:59  INFO      parser  Страница поиска Краснодар, стр. 1: https://www.avito.ru/krasnodar?q=%D0%BA%D0%BE%D1%81%D1%82%D1%8E%D0%BC%20%D0%B4%D0%B2%D0%BE%D0%B9%D0%BA%D0%B0%20%D0%BB%D0%B5%D1%82%D0%BD%D1%8F%D1%8F&pmax=5000&pmin=2000
2026-05-26 22:15:03  INFO      parser  item-location сырой текст (карточка 1): 'р-н Прикубанский'
2026-05-26 22:15:03  INFO      parser  item-location сырой текст (карточка 2): 'р-н Прикубанский'
2026-05-26 22:15:03  INFO      parser  item-location сырой текст (карточка 3): 'Москва'
2026-05-26 22:15:03  INFO      parser  Краснодар: стр. 1 — местных на странице 8, всего собрано 8/8
2026-05-26 22:15:06  INFO      parser  Краснодар: собрано 8 объявлений со страниц поиска
2026-05-26 22:15:24  INFO      parser  Краснодар: парсинг завершён, итого объявлений: 8
2026-05-26 22:15:24  INFO      __main__  Прогресс: 3/5 — Краснодар
2026-05-26 22:15:24  INFO      __main__  Прогресс: 3/5 — Волгоград
2026-05-26 22:15:24  INFO      parser  === Начинаем парсинг: Волгоград (4/5) ===
2026-05-26 22:15:25  INFO      parser  CDP: подключаемся к браузеру по адресу http://localhost:9222
2026-05-26 22:15:25  INFO      parser  CDP: используем существующий контекст (contexts[0])
2026-05-26 22:15:25  INFO      parser  Страница поиска Волгоград, стр. 1: https://www.avito.ru/volgograd?q=%D0%BA%D0%BE%D1%81%D1%82%D1%8E%D0%BC%20%D0%B4%D0%B2%D0%BE%D0%B9%D0%BA%D0%B0%20%D0%BB%D0%B5%D1%82%D0%BD%D1%8F%D1%8F&pmax=5000&pmin=2000
2026-05-26 22:15:29  INFO      parser  item-location сырой текст (карточка 1): 'Москва'
2026-05-26 22:15:29  INFO      parser  item-location сырой текст (карточка 2): 'Казань'
2026-05-26 22:15:29  INFO      parser  item-location сырой текст (карточка 3): 'Москва'
2026-05-26 22:15:29  INFO      parser  Волгоград: стр. 1 — местных на странице 4, всего собрано 4/8
2026-05-26 22:15:31  INFO      parser  Страница поиска Волгоград, стр. 2: https://www.avito.ru/volgograd?q=%D0%BA%D0%BE%D1%81%D1%82%D1%8E%D0%BC%20%D0%B4%D0%B2%D0%BE%D0%B9%D0%BA%D0%B0%20%D0%BB%D0%B5%D1%82%D0%BD%D1%8F%D1%8F&pmax=5000&pmin=2000&p=2
2026-05-26 22:15:34  INFO      parser  item-location сырой текст (карточка 1): 'с. Наровчат'
2026-05-26 22:15:34  INFO      parser  item-location сырой текст (карточка 2): 'Воронеж'
2026-05-26 22:15:34  INFO      parser  item-location сырой текст (карточка 3): 'Краснодар'
2026-05-26 22:15:34  INFO      parser  Волгоград: стр. 2 — местных на странице 0, всего собрано 4/8
2026-05-26 22:15:34  INFO      parser  Волгоград: местных на стр. 2 нет — вероятно местные закончились, пагинация остановлена
2026-05-26 22:15:34  INFO      parser  Волгоград: собрано 4 объявлений со страниц поиска
2026-05-26 22:15:43  INFO      parser  Волгоград: парсинг завершён, итого объявлений: 4
2026-05-26 22:15:43  INFO      __main__  Прогресс: 4/5 — Волгоград
2026-05-26 22:15:43  INFO      __main__  Прогресс: 4/5 — Тольятти
2026-05-26 22:15:43  INFO      parser  === Начинаем парсинг: Тольятти (5/5) ===
2026-05-26 22:15:44  INFO      parser  CDP: подключаемся к браузеру по адресу http://localhost:9222
2026-05-26 22:15:44  INFO      parser  CDP: используем существующий контекст (contexts[0])
2026-05-26 22:15:44  INFO      parser  Страница поиска Тольятти, стр. 1: https://www.avito.ru/tolyatti?q=%D0%BA%D0%BE%D1%81%D1%82%D1%8E%D0%BC%20%D0%B4%D0%B2%D0%BE%D0%B9%D0%BA%D0%B0%20%D0%BB%D0%B5%D1%82%D0%BD%D1%8F%D1%8F&pmax=5000&pmin=2000
2026-05-26 22:15:48  INFO      parser  item-location сырой текст (карточка 1): 'Москва'
2026-05-26 22:15:48  INFO      parser  item-location сырой текст (карточка 2): 'Москва'
2026-05-26 22:15:48  INFO      parser  item-location сырой текст (карточка 3): 'Казань'
2026-05-26 22:15:49  INFO      parser  Тольятти: стр. 1 — местных на странице 0, всего собрано 0/8
2026-05-26 22:15:49  INFO      parser  Тольятти: местных на стр. 1 нет — вероятно местные закончились, пагинация остановлена
2026-05-26 22:15:49  INFO      parser  Тольятти: собрано 0 объявлений со страниц поиска
2026-05-26 22:15:49  INFO      parser  Тольятти: парсинг завершён, итого объявлений: 0
2026-05-26 22:15:49  INFO      __main__  Прогресс: 5/5 — Тольятти
2026-05-26 22:15:49  INFO      parser  parse_all завершён. Городов обработано: 5/5
2026-05-26 22:15:49  INFO      analytics  Город Санкт-Петербург: всего 8 объявлений, местных 8, после фильтра свежести 6
2026-05-26 22:15:49  INFO      analytics  Город Самара: всего 8 объявлений, местных 8, после фильтра свежести 8
2026-05-26 22:15:49  INFO      analytics  Город Краснодар: всего 8 объявлений, местных 8, после фильтра свежести 8
2026-05-26 22:15:49  INFO      analytics  Город Волгоград: всего 4 объявлений, местных 4, после фильтра свежести 4
2026-05-26 22:15:49  INFO      analytics  Город Тольятти: всего 0 объявлений, местных 0, после фильтра свежести 0
2026-05-26 22:15:49  INFO      cache  Кэш сохранён для ключа 'костюм двойка летняя|8|pmin=2000;pmax=5000|krasnodar,samara,sankt-peterburg,tolyatti,volgograd'
2026-05-26 22:15:49  INFO      __main__  Задача 5d96f5f2-bcb9-4dd2-9532-32ec2d6ad14a завершена. Городов: 5
2026-05-26 23:12:51  INFO      __main__  SQLite-кэш инициализирован
2026-05-26 23:14:24  INFO      __main__  Создана задача fb6a6c4f-6607-4592-81ae-18841777ac2f для запроса 'костюм двойка' (count=10, filters=pmin=2000;pmax=5000;gender=male, cities=chelyabinsk,kazan,krasnoyarsk,nizhniy_novgorod,samara)
2026-05-26 23:14:24  INFO      __main__  Прогресс: 0/5 — Казань
2026-05-26 23:14:24  INFO      parser  === Начинаем парсинг: Казань (1/5) ===
2026-05-26 23:14:25  INFO      parser  CDP: подключаемся к браузеру по адресу http://localhost:9222
2026-05-26 23:14:25  INFO      parser  CDP: используем существующий контекст (contexts[0])
2026-05-26 23:14:25  INFO      parser  Страница поиска Казань, стр. 1: https://www.avito.ru/kazan?q=%D0%BA%D0%BE%D1%81%D1%82%D1%8E%D0%BC%20%D0%B4%D0%B2%D0%BE%D0%B9%D0%BA%D0%B0%20%D0%BC%D1%83%D0%B6%D1%81%D0%BA%D0%B8%D0%B5&pmax=5000&pmin=2000
2026-05-26 23:14:30  INFO      parser  item-location сырой текст (карточка 1): 'Кремлёвская , 11–15 мин.'
2026-05-26 23:14:30  INFO      parser  item-location сырой текст (карточка 2): 'Дзержинск'
2026-05-26 23:14:30  INFO      parser  item-location сырой текст (карточка 3): 'Краснодар'
2026-05-26 23:14:30  INFO      parser  Казань: стр. 1 — местных на странице 10, всего собрано 10/10
2026-05-26 23:14:32  INFO      parser  Казань: собрано 10 объявлений со страниц поиска
2026-05-26 23:14:55  INFO      parser  Казань: парсинг завершён, итого объявлений: 10
2026-05-26 23:14:55  INFO      __main__  Прогресс: 1/5 — Казань
2026-05-26 23:14:55  INFO      __main__  Прогресс: 1/5 — Нижний Новгород
2026-05-26 23:14:55  INFO      parser  === Начинаем парсинг: Нижний Новгород (2/5) ===
2026-05-26 23:14:56  INFO      parser  CDP: подключаемся к браузеру по адресу http://localhost:9222
2026-05-26 23:14:56  INFO      parser  CDP: используем существующий контекст (contexts[0])
2026-05-26 23:14:56  INFO      parser  Страница поиска Нижний Новгород, стр. 1: https://www.avito.ru/nizhniy_novgorod?q=%D0%BA%D0%BE%D1%81%D1%82%D1%8E%D0%BC%20%D0%B4%D0%B2%D0%BE%D0%B9%D0%BA%D0%B0%20%D0%BC%D1%83%D0%B6%D1%81%D0%BA%D0%B8%D0%B5&pmax=5000&pmin=2000
2026-05-26 23:15:00  INFO      parser  item-location сырой текст (карточка 1): 'Парк Культуры , 16–20 мин.'
2026-05-26 23:15:00  INFO      parser  item-location сырой текст (карточка 2): 'Канавинская , до 5 мин.'
2026-05-26 23:15:00  INFO      parser  item-location сырой текст (карточка 3): 'Буревестник , 21–30 мин.'
2026-05-26 23:15:00  INFO      parser  Нижний Новгород: стр. 1 — местных на странице 10, всего собрано 10/10
2026-05-26 23:15:01  INFO      parser  Нижний Новгород: собрано 10 объявлений со страниц поиска
2026-05-26 23:15:24  INFO      parser  Нижний Новгород: парсинг завершён, итого объявлений: 10
2026-05-26 23:15:24  INFO      __main__  Прогресс: 2/5 — Нижний Новгород
2026-05-26 23:15:24  INFO      __main__  Прогресс: 2/5 — Челябинск
2026-05-26 23:15:24  INFO      parser  === Начинаем парсинг: Челябинск (3/5) ===
2026-05-26 23:15:25  INFO      parser  CDP: подключаемся к браузеру по адресу http://localhost:9222
2026-05-26 23:15:25  INFO      parser  CDP: используем существующий контекст (contexts[0])
2026-05-26 23:15:25  INFO      parser  Страница поиска Челябинск, стр. 1: https://www.avito.ru/chelyabinsk?q=%D0%BA%D0%BE%D1%81%D1%82%D1%8E%D0%BC%20%D0%B4%D0%B2%D0%BE%D0%B9%D0%BA%D0%B0%20%D0%BC%D1%83%D0%B6%D1%81%D0%BA%D0%B8%D0%B5&pmax=5000&pmin=2000
2026-05-26 23:15:29  INFO      parser  item-location сырой текст (карточка 1): 'Краснодар'
2026-05-26 23:15:29  INFO      parser  item-location сырой текст (карточка 2): 'Краснодар'
2026-05-26 23:15:29  INFO      parser  item-location сырой текст (карточка 3): 'р-н Металлургический'
2026-05-26 23:15:29  INFO      parser  Челябинск: стр. 1 — местных на странице 10, всего собрано 10/10
2026-05-26 23:15:30  INFO      parser  Челябинск: собрано 10 объявлений со страниц поиска
2026-05-26 23:15:53  INFO      parser  Челябинск: парсинг завершён, итого объявлений: 10
2026-05-26 23:15:53  INFO      __main__  Прогресс: 3/5 — Челябинск
2026-05-26 23:15:53  INFO      __main__  Прогресс: 3/5 — Красноярск
2026-05-26 23:15:53  INFO      parser  === Начинаем парсинг: Красноярск (4/5) ===
2026-05-26 23:15:54  INFO      parser  CDP: подключаемся к браузеру по адресу http://localhost:9222
2026-05-26 23:15:54  INFO      parser  CDP: используем существующий контекст (contexts[0])
2026-05-26 23:15:54  INFO      parser  Страница поиска Красноярск, стр. 1: https://www.avito.ru/krasnoyarsk?q=%D0%BA%D0%BE%D1%81%D1%82%D1%8E%D0%BC%20%D0%B4%D0%B2%D0%BE%D0%B9%D0%BA%D0%B0%20%D0%BC%D1%83%D0%B6%D1%81%D0%BA%D0%B8%D0%B5&pmax=5000&pmin=2000
2026-05-26 23:15:59  INFO      parser  item-location сырой текст (карточка 1): 'р-н Центральный'
2026-05-26 23:15:59  INFO      parser  item-location сырой текст (карточка 2): 'р-н Центральный'
2026-05-26 23:15:59  INFO      parser  item-location сырой текст (карточка 3): 'Краснодар'
2026-05-26 23:15:59  INFO      parser  Красноярск: стр. 1 — местных на странице 10, всего собрано 10/10
2026-05-26 23:16:01  INFO      parser  Красноярск: собрано 10 объявлений со страниц поиска
2026-05-26 23:16:24  INFO      parser  Красноярск: парсинг завершён, итого объявлений: 10
2026-05-26 23:16:24  INFO      __main__  Прогресс: 4/5 — Красноярск
2026-05-26 23:16:24  INFO      __main__  Прогресс: 4/5 — Самара
2026-05-26 23:16:24  INFO      parser  === Начинаем парсинг: Самара (5/5) ===
2026-05-26 23:16:25  INFO      parser  CDP: подключаемся к браузеру по адресу http://localhost:9222
2026-05-26 23:16:25  INFO      parser  CDP: используем существующий контекст (contexts[0])
2026-05-26 23:16:25  INFO      parser  Страница поиска Самара, стр. 1: https://www.avito.ru/samara?q=%D0%BA%D0%BE%D1%81%D1%82%D1%8E%D0%BC%20%D0%B4%D0%B2%D0%BE%D0%B9%D0%BA%D0%B0%20%D0%BC%D1%83%D0%B6%D1%81%D0%BA%D0%B8%D0%B5&pmax=5000&pmin=2000
2026-05-26 23:16:30  INFO      parser  item-location сырой текст (карточка 1): 'Алабинская , от 31 мин.'
2026-05-26 23:16:30  INFO      parser  item-location сырой текст (карточка 2): 'Алабинская , 11–15 мин.'
2026-05-26 23:16:30  INFO      parser  item-location сырой текст (карточка 3): 'Алабинская , от 31 мин.'
2026-05-26 23:16:30  INFO      parser  Самара: стр. 1 — местных на странице 10, всего собрано 10/10
2026-05-26 23:16:33  INFO      parser  Самара: собрано 10 объявлений со страниц поиска
2026-05-26 23:17:01  INFO      parser  Самара: парсинг завершён, итого объявлений: 10
2026-05-26 23:17:01  INFO      __main__  Прогресс: 5/5 — Самара
2026-05-26 23:17:01  INFO      parser  parse_all завершён. Городов обработано: 5/5
2026-05-26 23:17:01  INFO      analytics  Город Казань: всего 10 объявлений, местных 10, после фильтра свежести 10
2026-05-26 23:17:01  INFO      analytics  Город Нижний Новгород: всего 10 объявлений, местных 10, после фильтра свежести 7
2026-05-26 23:17:01  INFO      analytics  Город Челябинск: всего 10 объявлений, местных 10, после фильтра свежести 10
2026-05-26 23:17:01  INFO      analytics  Город Красноярск: всего 10 объявлений, местных 10, после фильтра свежести 10
2026-05-26 23:17:01  INFO      analytics  Город Самара: всего 10 объявлений, местных 10, после фильтра свежести 10
2026-05-26 23:17:01  INFO      cache  Кэш сохранён для ключа 'костюм двойка|10|pmin=2000;pmax=5000;gender=male|chelyabinsk,kazan,krasnoyarsk,nizhniy_novgorod,samara'
2026-05-26 23:17:01  INFO      __main__  Задача fb6a6c4f-6607-4592-81ae-18841777ac2f завершена. Городов: 5
